<?xml version="1.0" encoding="UTF-8"?>
<!-- Generated by org.testng.reporters.JUnitReportReporter -->
<testsuite skipped="0" hostname="IOMBLR1886BD6L" name="TwitterAPI.CreateTweet" tests="1" failures="0" timestamp="13 Jun 2019 06:02:39 GMT" time="3.916" errors="0">
  <testcase name="createtweet" time="3.916" classname="TwitterAPI.CreateTweet"/>
</testsuite> <!-- TwitterAPI.CreateTweet -->
