<?xml version="1.0" encoding="UTF-8"?>
<!-- Generated by org.testng.reporters.JUnitReportReporter -->
<testsuite skipped="0" hostname="IOMBLR1886BD6L" name="TwitterAPI.GETTweets" tests="1" failures="0" timestamp="12 Jun 2019 09:17:20 GMT" time="3.552" errors="0">
  <testcase name="GetTweets" time="3.552" classname="TwitterAPI.GETTweets"/>
</testsuite> <!-- TwitterAPI.GETTweets -->
