<?xml version="1.0" encoding="UTF-8"?>
<!-- Generated by org.testng.reporters.JUnitReportReporter -->
<testsuite skipped="0" hostname="IOMBLR1886BD6L" name="TwitterAPI.GCSGet" tests="1" failures="0" timestamp="12 Jun 2019 12:07:25 GMT" time="3.997" errors="0">
  <testcase name="getGCS" time="3.997" classname="TwitterAPI.GCSGet"/>
</testsuite> <!-- TwitterAPI.GCSGet -->
