<?xml version="1.0" encoding="UTF-8"?>
<!-- Generated by org.testng.reporters.JUnitReportReporter -->
<testsuite skipped="0" hostname="IOMBLR1886BD6L" name="API.googleapi" tests="1" failures="0" timestamp="29 May 2019 16:58:16 GMT" time="7.016" errors="0">
  <testcase name="rest" time="7.016" classname="API.googleapi"/>
</testsuite> <!-- API.googleapi -->
