<?xml version="1.0" encoding="UTF-8"?>
<!-- Generated by org.testng.reporters.JUnitReportReporter -->
<testsuite skipped="0" hostname="IOMBLR1886BD6L" name="API.getOne" tests="1" failures="0" timestamp="29 May 2019 16:58:00 GMT" time="4.883" errors="0">
  <testcase name="get" time="4.883" classname="API.getOne"/>
</testsuite> <!-- API.getOne -->
